{"@timestamp":"2025-12-16T08:29:13.089897625Z","message":"==>  Preparing: SELECT id, name, description, created_at FROM test_items ORDER BY id","logger_name":"c.k.a.m.test.TestItemMapper.findAll","thread_name":"http-nio-8888-exec-2","level":"DEBUG","traceId":"f9ebec85d26b4474","tags":["MYBATIS"],"app":"cms","log_type":"sql"}
{"@timestamp":"2025-12-16T08:29:13.102604004Z","message":"==> Parameters: ","logger_name":"c.k.a.m.test.TestItemMapper.findAll","thread_name":"http-nio-8888-exec-2","level":"DEBUG","traceId":"f9ebec85d26b4474","tags":["MYBATIS"],"app":"cms","log_type":"sql"}
{"@timestamp":"2025-12-16T08:29:13.121124554Z","message":"<==      Total: 1","logger_name":"c.k.a.m.test.TestItemMapper.findAll","thread_name":"http-nio-8888-exec-2","level":"DEBUG","traceId":"f9ebec85d26b4474","tags":["MYBATIS"],"app":"cms","log_type":"sql"}
{"@timestamp":"2025-12-16T08:31:13.144378914Z","message":"==>  Preparing: INSERT INTO test_items (name, description) VALUES (?, ?)","logger_name":"c.k.a.m.test.TestItemMapper.insert","thread_name":"http-nio-8888-exec-9","level":"DEBUG","traceId":"e36ba8ea514e49ee","tags":["MYBATIS"],"app":"cms","log_type":"sql"}
{"@timestamp":"2025-12-16T08:31:13.144849396Z","message":"==> Parameters: Item 5(String), Fifth test item(String)","logger_name":"c.k.a.m.test.TestItemMapper.insert","thread_name":"http-nio-8888-exec-9","level":"DEBUG","traceId":"e36ba8ea514e49ee","tags":["MYBATIS"],"app":"cms","log_type":"sql"}
{"@timestamp":"2025-12-16T08:31:13.149722968Z","message":"<==    Updates: 1","logger_name":"c.k.a.m.test.TestItemMapper.insert","thread_name":"http-nio-8888-exec-9","level":"DEBUG","traceId":"e36ba8ea514e49ee","tags":["MYBATIS"],"app":"cms","log_type":"sql"}
{"@timestamp":"2025-12-16T08:31:32.938312595Z","message":"==>  Preparing: INSERT INTO test_items (name, description) VALUES (?, ?)","logger_name":"c.k.a.m.test.TestItemMapper.insert","thread_name":"http-nio-8888-exec-10","level":"DEBUG","traceId":"5800070a779846eb","tags":["MYBATIS"],"app":"cms","log_type":"sql"}
{"@timestamp":"2025-12-16T08:31:32.938576386Z","message":"==> Parameters: Item 6(String), Sixth test item(String)","logger_name":"c.k.a.m.test.TestItemMapper.insert","thread_name":"http-nio-8888-exec-10","level":"DEBUG","traceId":"5800070a779846eb","tags":["MYBATIS"],"app":"cms","log_type":"sql"}
{"@timestamp":"2025-12-16T08:31:32.939394802Z","message":"<==    Updates: 1","logger_name":"c.k.a.m.test.TestItemMapper.insert","thread_name":"http-nio-8888-exec-10","level":"DEBUG","traceId":"5800070a779846eb","tags":["MYBATIS"],"app":"cms","log_type":"sql"}
{"@timestamp":"2025-12-16T08:31:33.988383386Z","message":"==>  Preparing: INSERT INTO test_items (name, description) VALUES (?, ?)","logger_name":"c.k.a.m.test.TestItemMapper.insert","thread_name":"http-nio-8888-exec-1","level":"DEBUG","traceId":"8a1ef80c756647f9","tags":["MYBATIS"],"app":"cms","log_type":"sql"}
{"@timestamp":"2025-12-16T08:31:33.988597911Z","message":"==> Parameters: Item 6(String), Sixth test item(String)","logger_name":"c.k.a.m.test.TestItemMapper.insert","thread_name":"http-nio-8888-exec-1","level":"DEBUG","traceId":"8a1ef80c756647f9","tags":["MYBATIS"],"app":"cms","log_type":"sql"}
{"@timestamp":"2025-12-16T08:31:33.989249164Z","message":"<==    Updates: 1","logger_name":"c.k.a.m.test.TestItemMapper.insert","thread_name":"http-nio-8888-exec-1","level":"DEBUG","traceId":"8a1ef80c756647f9","tags":["MYBATIS"],"app":"cms","log_type":"sql"}
{"@timestamp":"2025-12-16T08:31:37.591298883Z","message":"==>  Preparing: INSERT INTO test_items (name, description) VALUES (?, ?)","logger_name":"c.k.a.m.test.TestItemMapper.insert","thread_name":"http-nio-8888-exec-2","level":"DEBUG","traceId":"41f4c488bddc4a17","tags":["MYBATIS"],"app":"cms","log_type":"sql"}
{"@timestamp":"2025-12-16T08:31:37.591536324Z","message":"==> Parameters: Item 6(String), Sixth test item(String)","logger_name":"c.k.a.m.test.TestItemMapper.insert","thread_name":"http-nio-8888-exec-2","level":"DEBUG","traceId":"41f4c488bddc4a17","tags":["MYBATIS"],"app":"cms","log_type":"sql"}
{"@timestamp":"2025-12-16T08:31:37.592350571Z","message":"<==    Updates: 1","logger_name":"c.k.a.m.test.TestItemMapper.insert","thread_name":"http-nio-8888-exec-2","level":"DEBUG","traceId":"41f4c488bddc4a17","tags":["MYBATIS"],"app":"cms","log_type":"sql"}
{"@timestamp":"2025-12-16T08:31:38.454005308Z","message":"==>  Preparing: INSERT INTO test_items (name, description) VALUES (?, ?)","logger_name":"c.k.a.m.test.TestItemMapper.insert","thread_name":"http-nio-8888-exec-3","level":"DEBUG","traceId":"0182aa464e8a4a5f","tags":["MYBATIS"],"app":"cms","log_type":"sql"}
{"@timestamp":"2025-12-16T08:31:38.454173624Z","message":"==> Parameters: Item 6(String), Sixth test item(String)","logger_name":"c.k.a.m.test.TestItemMapper.insert","thread_name":"http-nio-8888-exec-3","level":"DEBUG","traceId":"0182aa464e8a4a5f","tags":["MYBATIS"],"app":"cms","log_type":"sql"}
{"@timestamp":"2025-12-16T08:31:38.454740373Z","message":"<==    Updates: 1","logger_name":"c.k.a.m.test.TestItemMapper.insert","thread_name":"http-nio-8888-exec-3","level":"DEBUG","traceId":"0182aa464e8a4a5f","tags":["MYBATIS"],"app":"cms","log_type":"sql"}
{"@timestamp":"2025-12-16T08:31:39.404866516Z","message":"==>  Preparing: INSERT INTO test_items (name, description) VALUES (?, ?)","logger_name":"c.k.a.m.test.TestItemMapper.insert","thread_name":"http-nio-8888-exec-5","level":"DEBUG","traceId":"de56cf5cbe614f57","tags":["MYBATIS"],"app":"cms","log_type":"sql"}
{"@timestamp":"2025-12-16T08:31:39.405069931Z","message":"==> Parameters: Item 6(String), Sixth test item(String)","logger_name":"c.k.a.m.test.TestItemMapper.insert","thread_name":"http-nio-8888-exec-5","level":"DEBUG","traceId":"de56cf5cbe614f57","tags":["MYBATIS"],"app":"cms","log_type":"sql"}
{"@timestamp":"2025-12-16T08:31:39.405573584Z","message":"<==    Updates: 1","logger_name":"c.k.a.m.test.TestItemMapper.insert","thread_name":"http-nio-8888-exec-5","level":"DEBUG","traceId":"de56cf5cbe614f57","tags":["MYBATIS"],"app":"cms","log_type":"sql"}
{"@timestamp":"2025-12-16T08:31:40.196591309Z","message":"==>  Preparing: INSERT INTO test_items (name, description) VALUES (?, ?)","logger_name":"c.k.a.m.test.TestItemMapper.insert","thread_name":"http-nio-8888-exec-6","level":"DEBUG","traceId":"97a6834fa78d415d","tags":["MYBATIS"],"app":"cms","log_type":"sql"}
{"@timestamp":"2025-12-16T08:31:40.196837857Z","message":"==> Parameters: Item 6(String), Sixth test item(String)","logger_name":"c.k.a.m.test.TestItemMapper.insert","thread_name":"http-nio-8888-exec-6","level":"DEBUG","traceId":"97a6834fa78d415d","tags":["MYBATIS"],"app":"cms","log_type":"sql"}
{"@timestamp":"2025-12-16T08:31:40.197399155Z","message":"<==    Updates: 1","logger_name":"c.k.a.m.test.TestItemMapper.insert","thread_name":"http-nio-8888-exec-6","level":"DEBUG","traceId":"97a6834fa78d415d","tags":["MYBATIS"],"app":"cms","log_type":"sql"}
{"@timestamp":"2025-12-16T08:31:40.950263467Z","message":"==>  Preparing: INSERT INTO test_items (name, description) VALUES (?, ?)","logger_name":"c.k.a.m.test.TestItemMapper.insert","thread_name":"http-nio-8888-exec-7","level":"DEBUG","traceId":"c2ca826c420e4204","tags":["MYBATIS"],"app":"cms","log_type":"sql"}
{"@timestamp":"2025-12-16T08:31:40.950805037Z","message":"==> Parameters: Item 6(String), Sixth test item(String)","logger_name":"c.k.a.m.test.TestItemMapper.insert","thread_name":"http-nio-8888-exec-7","level":"DEBUG","traceId":"c2ca826c420e4204","tags":["MYBATIS"],"app":"cms","log_type":"sql"}
{"@timestamp":"2025-12-16T08:31:40.95134794Z","message":"<==    Updates: 1","logger_name":"c.k.a.m.test.TestItemMapper.insert","thread_name":"http-nio-8888-exec-7","level":"DEBUG","traceId":"c2ca826c420e4204","tags":["MYBATIS"],"app":"cms","log_type":"sql"}
{"@timestamp":"2025-12-16T08:31:46.40788327Z","message":"==>  Preparing: SELECT id, name, description, created_at FROM test_items ORDER BY id","logger_name":"c.k.a.m.test.TestItemMapper.findAll","thread_name":"http-nio-8888-exec-8","level":"DEBUG","traceId":"213ea55599f342d4","tags":["MYBATIS"],"app":"cms","log_type":"sql"}
{"@timestamp":"2025-12-16T08:31:46.408035295Z","message":"==> Parameters: ","logger_name":"c.k.a.m.test.TestItemMapper.findAll","thread_name":"http-nio-8888-exec-8","level":"DEBUG","traceId":"213ea55599f342d4","tags":["MYBATIS"],"app":"cms","log_type":"sql"}
{"@timestamp":"2025-12-16T08:31:46.410372808Z","message":"<==      Total: 9","logger_name":"c.k.a.m.test.TestItemMapper.findAll","thread_name":"http-nio-8888-exec-8","level":"DEBUG","traceId":"213ea55599f342d4","tags":["MYBATIS"],"app":"cms","log_type":"sql"}
